unityLibrary/xrmanifest.androidlib/build/intermediates/manifest_merge_blame_file/debug/processDebugManifest/manifest-merger-blame-debug-report.txt
1<?xml version="1.0" encoding="utf-8"?>
2<manifest xmlns:android="http://schemas.android.com/apk/res/android"
3    package="com.UnityTechnologies.XR.Manifest" >
4
5    <uses-sdk android:minSdkVersion="29" />
6
7    <application>
7-->unityLibrary/xrmanifest.androidlib/AndroidManifest.xml:3:3-5:17
8        <activity android:name="com.unity3d.player.UnityPlayerActivity" />
8-->unityLibrary/xrmanifest.androidlib/AndroidManifest.xml:4:5-71
8-->unityLibrary/xrmanifest.androidlib/AndroidManifest.xml:4:15-68
9    </application>
10
11</manifest>